<?xml version="1.0" encoding="UTF-8"?>
<!-- Generated by org.testng.reporters.JUnitReportReporter -->
<testsuite skipped="0" hostname="Gubbi-PC" name="actiTime.Sample" tests="1" failures="0" timestamp="2020-07-01T10:27:29 IST" time="0.008" errors="0">
  <testcase name="sample" time="0.008" classname="actiTime.Sample"/>
  <system-out>
sample is working fine  </system-out>
</testsuite> <!-- actiTime.Sample -->
